  shader.cpp
  main.cpp
c:\users\arjun\downloads\2016fallcse2022-master\2016fallcse2022-master\week13\cardriving2d_labversion\collision.h(14): warning C4305: 'initializing': truncation from 'double' to 'float'
c:\users\arjun\downloads\2016fallcse2022-master\2016fallcse2022-master\week13\cardriving2d_labversion\globject.h(63): warning C4267: 'argument': conversion from 'size_t' to 'GLsizei', possible loss of data
c:\users\arjun\downloads\2016fallcse2022-master\2016fallcse2022-master\week13\cardriving2d_labversion\globject.h(84): warning C4267: 'argument': conversion from 'size_t' to 'GLsizei', possible loss of data
c:\users\arjun\downloads\2016fallcse2022-master\2016fallcse2022-master\week13\cardriving2d_labversion\selfdrivingcar.h(14): warning C4305: 'initializing': truncation from 'double' to 'float'
c:\users\arjun\downloads\2016fallcse2022-master\2016fallcse2022-master\week13\cardriving2d_labversion\selfdrivingcar.h(15): warning C4305: 'initializing': truncation from 'double' to 'float'
c:\users\arjun\downloads\2016fallcse2022-master\2016fallcse2022-master\week13\cardriving2d_labversion\cardrivinggame.h(146): warning C4267: 'return': conversion from 'size_t' to 'int', possible loss of data
  Box2D.cpp
c:\users\arjun\downloads\2016fallcse2022-master\2016fallcse2022-master\week13\cardriving2d_labversion\box2d.h(47): warning C4244: 'initializing': conversion from 'double' to 'float', possible loss of data
  c:\users\arjun\downloads\2016fallcse2022-master\2016fallcse2022-master\week13\cardriving2d_labversion\box2d.h(44): note: while compiling class template member function 'glm::vec3 Box2D<double>::getNormal(const glm::vec3 &) const'
  c:\users\arjun\downloads\2016fallcse2022-master\2016fallcse2022-master\week13\cardriving2d_labversion\box2d.cpp(17): note: see reference to class template instantiation 'Box2D<double>' being compiled
c:\users\arjun\downloads\2016fallcse2022-master\2016fallcse2022-master\week13\cardriving2d_labversion\box2d.h(47): warning C4244: 'initializing': conversion from 'double' to 'const float', possible loss of data
c:\users\arjun\downloads\2016fallcse2022-master\2016fallcse2022-master\week13\cardriving2d_labversion\box2d.h(48): warning C4244: 'initializing': conversion from 'double' to 'float', possible loss of data
c:\users\arjun\downloads\2016fallcse2022-master\2016fallcse2022-master\week13\cardriving2d_labversion\box2d.h(48): warning C4244: 'initializing': conversion from 'double' to 'const float', possible loss of data
c:\users\arjun\downloads\2016fallcse2022-master\2016fallcse2022-master\week13\cardriving2d_labversion\box2d.h(45): warning C4305: 'initializing': truncation from 'double' to 'float'
  c:\users\arjun\downloads\2016fallcse2022-master\2016fallcse2022-master\week13\cardriving2d_labversion\box2d.h(44): note: while compiling class template member function 'glm::vec3 Box2D<float>::getNormal(const glm::vec3 &) const'
  c:\users\arjun\downloads\2016fallcse2022-master\2016fallcse2022-master\week13\cardriving2d_labversion\box2d.cpp(16): note: see reference to class template instantiation 'Box2D<float>' being compiled
c:\users\arjun\downloads\2016fallcse2022-master\2016fallcse2022-master\week13\cardriving2d_labversion\box2d.h(45): warning C4244: 'initializing': conversion from 'double' to 'int', possible loss of data
  c:\users\arjun\downloads\2016fallcse2022-master\2016fallcse2022-master\week13\cardriving2d_labversion\box2d.h(44): note: while compiling class template member function 'glm::vec3 Box2D<int>::getNormal(const glm::vec3 &) const'
  c:\users\arjun\downloads\2016fallcse2022-master\2016fallcse2022-master\week13\cardriving2d_labversion\box2d.cpp(15): note: see reference to class template instantiation 'Box2D<int>' being compiled
c:\users\arjun\downloads\2016fallcse2022-master\2016fallcse2022-master\week13\cardriving2d_labversion\box2d.h(47): warning C4244: 'initializing': conversion from 'int' to 'float', possible loss of data
c:\users\arjun\downloads\2016fallcse2022-master\2016fallcse2022-master\week13\cardriving2d_labversion\box2d.h(47): warning C4244: 'initializing': conversion from 'int' to 'const float', possible loss of data
c:\users\arjun\downloads\2016fallcse2022-master\2016fallcse2022-master\week13\cardriving2d_labversion\box2d.h(48): warning C4244: 'initializing': conversion from 'int' to 'float', possible loss of data
c:\users\arjun\downloads\2016fallcse2022-master\2016fallcse2022-master\week13\cardriving2d_labversion\box2d.h(48): warning C4244: 'initializing': conversion from 'int' to 'const float', possible loss of data
c:\users\arjun\downloads\2016fallcse2022-master\2016fallcse2022-master\week13\cardriving2d_labversion\box2d.h(40): warning C4244: 'return': conversion from 'float' to 'int', possible loss of data
  c:\users\arjun\downloads\2016fallcse2022-master\2016fallcse2022-master\week13\cardriving2d_labversion\box2d.h(33): note: while compiling class template member function 'int Box2D<int>::getSignedDistance(const glm::vec3 &) const'
  c:\users\arjun\downloads\2016fallcse2022-master\2016fallcse2022-master\week13\cardriving2d_labversion\box2d.h(47): note: see reference to function template instantiation 'int Box2D<int>::getSignedDistance(const glm::vec3 &) const' being compiled
  Generating Code...
LINK : warning LNK4098: defaultlib 'MSVCRT' conflicts with use of other libs; use /NODEFAULTLIB:library
  CarDriving2D.vcxproj -> C:\Users\Arjun\Downloads\2016FallCSE2022-master\2016FallCSE2022-master\Week13\CarDriving2D_Labversion\x64\Debug\CarDriving2D.exe
  CarDriving2D.vcxproj -> C:\Users\Arjun\Downloads\2016FallCSE2022-master\2016FallCSE2022-master\Week13\CarDriving2D_Labversion\x64\Debug\CarDriving2D.pdb (Partial PDB)
